{"name":"bookInTheListVerification","status":"failed","statusDetails":{"known":false,"muted":false,"flaky":false,"message":"Invalid element state: element click intercepted: Element <h2 class=\"a-size-mini a-spacing-none a-color-base s-line-clamp-2\">...</h2> is not clickable at point (1430, 12). Other element would receive the click: <input type=\"text\" id=\"twotabsearchtextbox\" value=\"Java\" name=\"field-keywords\" autocomplete=\"off\" placeholder=\"Search Amazon\" class=\"nav-input nav-progressive-attribute\" dir=\"auto\" tabindex=\"0\" aria-label=\"Search Amazon\" spellcheck=\"false\">\nScreenshot: file:/Users/max_horokhov/Desktop/Projects/Archive/build/reports/tests/1691764524592.0.png\nTimeout: 18 s.\nCaused by: ElementClickInterceptedException: element click intercepted: Element <h2 class=\"a-size-mini a-spacing-none a-color-base s-line-clamp-2\">...</h2> is not clickable at point (1430, 12). Other element would receive the click: <input type=\"text\" id=\"twotabsearchtextbox\" value=\"Java\" name=\"field-keywords\" autocomplete=\"off\" placeholder=\"Search Amazon\" class=\"nav-input nav-progressive-attribute\" dir=\"auto\" tabindex=\"0\" aria-label=\"Search Amazon\" spellcheck=\"false\">","trace":"Invalid element state: element click intercepted: Element <h2 class=\"a-size-mini a-spacing-none a-color-base s-line-clamp-2\">...</h2> is not clickable at point (1430, 12). Other element would receive the click: <input type=\"text\" id=\"twotabsearchtextbox\" value=\"Java\" name=\"field-keywords\" autocomplete=\"off\" placeholder=\"Search Amazon\" class=\"nav-input nav-progressive-attribute\" dir=\"auto\" tabindex=\"0\" aria-label=\"Search Amazon\" spellcheck=\"false\">\nScreenshot: file:/Users/max_horokhov/Desktop/Projects/Archive/build/reports/tests/1691764524592.0.png\nTimeout: 18 s.\nCaused by: ElementClickInterceptedException: element click intercepted: Element <h2 class=\"a-size-mini a-spacing-none a-color-base s-line-clamp-2\">...</h2> is not clickable at point (1430, 12). Other element would receive the click: <input type=\"text\" id=\"twotabsearchtextbox\" value=\"Java\" name=\"field-keywords\" autocomplete=\"off\" placeholder=\"Search Amazon\" class=\"nav-input nav-progressive-attribute\" dir=\"auto\" tabindex=\"0\" aria-label=\"Search Amazon\" spellcheck=\"false\">\n\tat com.codeborne.selenide.impl.ExceptionWrapper.wrap(ExceptionWrapper.java:26)\n\tat com.codeborne.selenide.impl.SelenideElementProxy.dispatchAndRetry(SelenideElementProxy.java:150)\n\tat com.codeborne.selenide.impl.SelenideElementProxy.invoke(SelenideElementProxy.java:80)\n\tat jdk.proxy2/jdk.proxy2.$Proxy22.click(Unknown Source)\n\tat com.demo.core.base.PageTools.click(PageTools.java:84)\n\tat com.demo.pages.AmazonBookList.checkEveryProductStats(AmazonBookList.java:27)\n\tat com.demo.login.ComparingAGivenBookWithTheFirstPageInAmazon.bookInTheListVerification(ComparingAGivenBookWithTheFirstPageInAmazon.java:16)\n\tat java.base/jdk.internal.reflect.DirectMethodHandleAccessor.invoke(DirectMethodHandleAccessor.java:104)\n\tat java.base/java.lang.reflect.Method.invoke(Method.java:578)\n\tat org.testng.internal.MethodInvocationHelper.invokeMethod(MethodInvocationHelper.java:133)\n\tat org.testng.internal.TestInvoker.invokeMethod(TestInvoker.java:584)\n\tat org.testng.internal.TestInvoker.invokeTestMethod(TestInvoker.java:172)\n\tat org.testng.internal.MethodRunner.runInSequence(MethodRunner.java:46)\n\tat org.testng.internal.TestInvoker$MethodInvocationAgent.invoke(TestInvoker.java:804)\n\tat org.testng.internal.TestInvoker.invokeTestMethods(TestInvoker.java:145)\n\tat org.testng.internal.TestMethodWorker.invokeTestMethods(TestMethodWorker.java:146)\n\tat org.testng.internal.TestMethodWorker.run(TestMethodWorker.java:128)\n\tat java.base/java.util.ArrayList.forEach(ArrayList.java:1511)\n\tat org.testng.TestRunner.privateRun(TestRunner.java:770)\n\tat org.testng.TestRunner.run(TestRunner.java:591)\n\tat org.testng.SuiteRunner.runTest(SuiteRunner.java:402)\n\tat org.testng.SuiteRunner.runSequentially(SuiteRunner.java:396)\n\tat org.testng.SuiteRunner.privateRun(SuiteRunner.java:355)\n\tat org.testng.SuiteRunner.run(SuiteRunner.java:304)\n\tat org.testng.SuiteRunnerWorker.runSuite(SuiteRunnerWorker.java:53)\n\tat org.testng.SuiteRunnerWorker.run(SuiteRunnerWorker.java:96)\n\tat org.testng.TestNG.runSuitesSequentially(TestNG.java:1180)\n\tat org.testng.TestNG.runSuitesLocally(TestNG.java:1102)\n\tat org.testng.TestNG.runSuites(TestNG.java:1032)\n\tat org.testng.TestNG.run(TestNG.java:1000)\n\tat com.intellij.rt.testng.IDEARemoteTestNG.run(IDEARemoteTestNG.java:66)\n\tat com.intellij.rt.testng.RemoteTestNGStarter.main(RemoteTestNGStarter.java:105)\nCaused by: org.openqa.selenium.ElementClickInterceptedException: element click intercepted: Element <h2 class=\"a-size-mini a-spacing-none a-color-base s-line-clamp-2\">...</h2> is not clickable at point (1430, 12). Other element would receive the click: <input type=\"text\" id=\"twotabsearchtextbox\" value=\"Java\" name=\"field-keywords\" autocomplete=\"off\" placeholder=\"Search Amazon\" class=\"nav-input nav-progressive-attribute\" dir=\"auto\" tabindex=\"0\" aria-label=\"Search Amazon\" spellcheck=\"false\">\n  (Session info: chrome=115.0.5790.170)\nBuild info: version: '3.141.59', revision: 'e82be7d358', time: '2018-11-14T08:17:03'\nSystem info: host: 'Maxs-MBP', ip: 'fe80:0:0:0:4cd:f466:9f58:ae9c%en0', os.name: 'Mac OS X', os.arch: 'aarch64', os.version: '13.4.1', java.version: '20.0.2'\nDriver info: org.openqa.selenium.chrome.ChromeDriver\nCapabilities {acceptInsecureCerts: true, browserName: chrome, browserVersion: 115.0.5790.170, chrome: {chromedriverVersion: 114.0.5735.90 (386bc09e8f4f..., userDataDir: /var/folders/y8/hyv82j656hb...}, goog:chromeOptions: {debuggerAddress: localhost:60531}, javascriptEnabled: true, networkConnectionEnabled: false, pageLoadStrategy: eager, platform: MAC, platformName: MAC, proxy: Proxy(), setWindowRect: true, strictFileInteractability: false, timeouts: {implicit: 0, pageLoad: 300000, script: 30000}, unhandledPromptBehavior: dismiss and notify, webauthn:extension:credBlob: true, webauthn:extension:largeBlob: true, webauthn:extension:minPinLength: true, webauthn:extension:prf: true, webauthn:virtualAuthenticators: true}\nSession ID: ddbcd049076b306024139ea33202fb40\n\tat java.base/jdk.internal.reflect.DirectConstructorHandleAccessor.newInstance(DirectConstructorHandleAccessor.java:67)\n\tat java.base/java.lang.reflect.Constructor.newInstanceWithCaller(Constructor.java:500)\n\tat java.base/java.lang.reflect.Constructor.newInstance(Constructor.java:484)\n\tat org.openqa.selenium.remote.http.W3CHttpResponseCodec.createException(W3CHttpResponseCodec.java:187)\n\tat org.openqa.selenium.remote.http.W3CHttpResponseCodec.decode(W3CHttpResponseCodec.java:122)\n\tat org.openqa.selenium.remote.http.W3CHttpResponseCodec.decode(W3CHttpResponseCodec.java:49)\n\tat org.openqa.selenium.remote.HttpCommandExecutor.execute(HttpCommandExecutor.java:158)\n\tat org.openqa.selenium.remote.service.DriverCommandExecutor.execute(DriverCommandExecutor.java:83)\n\tat org.openqa.selenium.remote.RemoteWebDriver.execute(RemoteWebDriver.java:552)\n\tat org.openqa.selenium.remote.RemoteWebElement.execute(RemoteWebElement.java:285)\n\tat org.openqa.selenium.remote.RemoteWebElement.click(RemoteWebElement.java:84)\n\tat com.codeborne.selenide.commands.Click.click(Click.java:46)\n\tat com.codeborne.selenide.commands.Click.execute(Click.java:27)\n\tat com.codeborne.selenide.commands.Click.execute(Click.java:16)\n\tat com.codeborne.selenide.commands.Commands.execute(Commands.java:155)\n\tat com.codeborne.selenide.impl.SelenideElementProxy.dispatchAndRetry(SelenideElementProxy.java:128)\n\t... 30 more\n"},"stage":"finished","steps":[],"attachments":[],"parameters":[],"start":1691764479686,"stop":1691764524867,"uuid":"520269a5-f951-4474-a915-4e38e5ce1d3f","historyId":"12e5714f0d15a24006899f52615f9321","fullName":"com.demo.login.ComparingAGivenBookWithTheFirstPageInAmazon.bookInTheListVerification","labels":[{"name":"package","value":"com.demo.login.ComparingAGivenBookWithTheFirstPageInAmazon"},{"name":"testClass","value":"com.demo.login.ComparingAGivenBookWithTheFirstPageInAmazon"},{"name":"testMethod","value":"bookInTheListVerification"},{"name":"parentSuite","value":"Default Suite"},{"name":"suite","value":"Archive"},{"name":"subSuite","value":"com.demo.login.ComparingAGivenBookWithTheFirstPageInAmazon"},{"name":"host","value":"Maxs-MBP"},{"name":"thread","value":"40664@Maxs-MBP.main(1)"},{"name":"framework","value":"testng"},{"name":"language","value":"java"}],"links":[]}