{"name":"creationOfAnApplicationAndIssuanceOfComprehensive4in1ContractTest","status":"failed","statusDetails":{"known":false,"muted":false,"flaky":false,"message":"Element not found {By.id: ConfirmPassword}\nExpected: visible\nScreenshot: file:/Users/max_horokhov/Desktop/Projects/Archive/build/reports/tests/1691766307220.0.png\nTimeout: 18 s.\nCaused by: NoSuchElementException: no such element: Unable to locate element: {\"method\":\"css selector\",\"selector\":\"#ConfirmPassword\"}","trace":"Element not found {By.id: ConfirmPassword}\nExpected: visible\nScreenshot: file:/Users/max_horokhov/Desktop/Projects/Archive/build/reports/tests/1691766307220.0.png\nTimeout: 18 s.\nCaused by: NoSuchElementException: no such element: Unable to locate element: {\"method\":\"css selector\",\"selector\":\"#ConfirmPassword\"}\n\tat com.codeborne.selenide.impl.WebElementSource.createElementNotFoundError(WebElementSource.java:83)\n\tat com.codeborne.selenide.impl.ElementFinder.createElementNotFoundError(ElementFinder.java:136)\n\tat com.codeborne.selenide.impl.WebElementSource.checkCondition(WebElementSource.java:114)\n\tat com.codeborne.selenide.commands.Should.execute(Should.java:30)\n\tat com.codeborne.selenide.commands.Should.execute(Should.java:14)\n\tat com.codeborne.selenide.commands.Commands.execute(Commands.java:155)\n\tat com.codeborne.selenide.impl.SelenideElementProxy.dispatchAndRetry(SelenideElementProxy.java:128)\n\tat com.codeborne.selenide.impl.SelenideElementProxy.invoke(SelenideElementProxy.java:80)\n\tat jdk.proxy2/jdk.proxy2.$Proxy20.shouldBe(Unknown Source)\n\tat com.demo.core.base.PageTools.shouldBe(PageTools.java:60)\n\tat com.demo.core.base.PageTools.waitForElementVisibility(PageTools.java:200)\n\tat com.demo.pages.RegistrationPage.enterConfirmPassword(RegistrationPage.java:43)\n\tat com.demo.actions.RegistrationActions.fulfilRegistrationFields(RegistrationActions.java:21)\n\tat com.demo.actions.RegistrationActions.registrationOfNewUser(RegistrationActions.java:12)\n\tat com.demo.login.AddingAnAssetGroupFromATemplateTest.creationOfAnApplicationAndIssuanceOfComprehensive4in1ContractTest(AddingAnAssetGroupFromATemplateTest.java:21)\n\tat java.base/jdk.internal.reflect.DirectMethodHandleAccessor.invoke(DirectMethodHandleAccessor.java:104)\n\tat java.base/java.lang.reflect.Method.invoke(Method.java:578)\n\tat org.testng.internal.MethodInvocationHelper.invokeMethod(MethodInvocationHelper.java:133)\n\tat org.testng.internal.TestInvoker.invokeMethod(TestInvoker.java:584)\n\tat org.testng.internal.TestInvoker.invokeTestMethod(TestInvoker.java:172)\n\tat org.testng.internal.MethodRunner.runInSequence(MethodRunner.java:46)\n\tat org.testng.internal.TestInvoker$MethodInvocationAgent.invoke(TestInvoker.java:804)\n\tat org.testng.internal.TestInvoker.invokeTestMethods(TestInvoker.java:145)\n\tat org.testng.internal.TestMethodWorker.invokeTestMethods(TestMethodWorker.java:146)\n\tat org.testng.internal.TestMethodWorker.run(TestMethodWorker.java:128)\n\tat java.base/java.util.concurrent.ThreadPoolExecutor.runWorker(ThreadPoolExecutor.java:1144)\n\tat java.base/java.util.concurrent.ThreadPoolExecutor$Worker.run(ThreadPoolExecutor.java:642)\n\tat java.base/java.lang.Thread.run(Thread.java:1623)\nCaused by: org.openqa.selenium.NoSuchElementException: no such element: Unable to locate element: {\"method\":\"css selector\",\"selector\":\"#ConfirmPassword\"}\n  (Session info: chrome=115.0.5790.170)\nFor documentation on this error, please visit: https://www.seleniumhq.org/exceptions/no_such_element.html\nBuild info: version: '3.141.59', revision: 'e82be7d358', time: '2018-11-14T08:17:03'\nSystem info: host: 'Maxs-MBP', ip: 'fe80:0:0:0:4cd:f466:9f58:ae9c%en0', os.name: 'Mac OS X', os.arch: 'aarch64', os.version: '13.4.1', java.version: '20.0.1'\nDriver info: org.openqa.selenium.chrome.ChromeDriver\nCapabilities {acceptInsecureCerts: true, browserName: chrome, browserVersion: 115.0.5790.170, chrome: {chromedriverVersion: 115.0.5790.170 (cc0d30c2ca5..., userDataDir: /var/folders/y8/hyv82j656hb...}, goog:chromeOptions: {debuggerAddress: localhost:52449}, javascriptEnabled: true, networkConnectionEnabled: false, pageLoadStrategy: eager, platform: MAC, platformName: MAC, proxy: Proxy(), setWindowRect: true, strictFileInteractability: false, timeouts: {implicit: 0, pageLoad: 300000, script: 30000}, unhandledPromptBehavior: dismiss and notify, webauthn:extension:credBlob: true, webauthn:extension:largeBlob: true, webauthn:extension:minPinLength: true, webauthn:extension:prf: true, webauthn:virtualAuthenticators: true}\nSession ID: d767cdaec07c64ed63d00a6d92f4c248\n*** Element info: {Using=id, value=ConfirmPassword}\n\tat java.base/jdk.internal.reflect.DirectConstructorHandleAccessor.newInstance(DirectConstructorHandleAccessor.java:67)\n\tat java.base/java.lang.reflect.Constructor.newInstanceWithCaller(Constructor.java:500)\n\tat java.base/java.lang.reflect.Constructor.newInstance(Constructor.java:484)\n\tat org.openqa.selenium.remote.http.W3CHttpResponseCodec.createException(W3CHttpResponseCodec.java:187)\n\tat org.openqa.selenium.remote.http.W3CHttpResponseCodec.decode(W3CHttpResponseCodec.java:122)\n\tat org.openqa.selenium.remote.http.W3CHttpResponseCodec.decode(W3CHttpResponseCodec.java:49)\n\tat org.openqa.selenium.remote.HttpCommandExecutor.execute(HttpCommandExecutor.java:158)\n\tat org.openqa.selenium.remote.service.DriverCommandExecutor.execute(DriverCommandExecutor.java:83)\n\tat org.openqa.selenium.remote.RemoteWebDriver.execute(RemoteWebDriver.java:552)\n\tat org.openqa.selenium.remote.RemoteWebDriver.findElement(RemoteWebDriver.java:323)\n\tat org.openqa.selenium.remote.RemoteWebDriver.findElementById(RemoteWebDriver.java:372)\n\tat org.openqa.selenium.By$ById.findElement(By.java:188)\n\tat org.openqa.selenium.remote.RemoteWebDriver.findElement(RemoteWebDriver.java:315)\n\tat com.codeborne.selenide.impl.WebElementSelector.findElement(WebElementSelector.java:59)\n\tat com.codeborne.selenide.impl.WebElementSelector.findElement(WebElementSelector.java:34)\n\tat com.codeborne.selenide.impl.ElementFinder.getWebElement(ElementFinder.java:104)\n\tat com.codeborne.selenide.impl.WebElementSource.checkCondition(WebElementSource.java:99)\n\t... 25 more\n"},"stage":"finished","steps":[],"attachments":[],"parameters":[],"start":1691766257787,"stop":1691766307455,"uuid":"8d171df3-2850-4eb8-b169-4799c1d707e9","historyId":"1e759c7003dffff315b8a58071dd694d","fullName":"com.demo.login.AddingAnAssetGroupFromATemplateTest.creationOfAnApplicationAndIssuanceOfComprehensive4in1ContractTest","labels":[{"name":"package","value":"com.demo.login.AddingAnAssetGroupFromATemplateTest"},{"name":"testClass","value":"com.demo.login.AddingAnAssetGroupFromATemplateTest"},{"name":"testMethod","value":"creationOfAnApplicationAndIssuanceOfComprehensive4in1ContractTest"},{"name":"parentSuite","value":"Suite"},{"name":"suite","value":"Log In"},{"name":"subSuite","value":"com.demo.login.AddingAnAssetGroupFromATemplateTest"},{"name":"host","value":"Maxs-MBP"},{"name":"thread","value":"43098@Maxs-MBP.TestNG-test=Log In-2(30)"},{"name":"framework","value":"testng"},{"name":"language","value":"java"}],"links":[]}